{
  "stats": {
    "suites": 1,
    "tests": 1,
    "passes": 0,
    "pending": 0,
    "failures": 1,
    "start": "2024-04-29T10:25:21.445Z",
    "end": "2024-04-29T10:26:00.560Z",
    "duration": 39115,
    "testsRegistered": 1,
    "passPercent": 0,
    "pendingPercent": 0,
    "other": 1,
    "hasOther": true,
    "skipped": 0,
    "hasSkipped": false
  },
  "results": [
    {
      "uuid": "92432a8f-2c45-4140-8816-e80bf5019abd",
      "title": "",
      "fullFile": "cypress\\e2e\\3-visit.cy.ts",
      "file": "cypress\\e2e\\3-visit.cy.ts",
      "beforeHooks": [],
      "afterHooks": [],
      "tests": [],
      "suites": [
        {
          "uuid": "b52e1808-c2cf-47a6-a40c-c2b139a2de2a",
          "title": "basics",
          "fullFile": "",
          "file": "",
          "beforeHooks": [],
          "afterHooks": [],
          "tests": [
            {
              "title": "visit explanation",
              "fullTitle": "basics visit explanation",
              "timedOut": null,
              "duration": 483,
              "state": "failed",
              "speed": null,
              "pass": false,
              "fail": true,
              "pending": false,
              "context": null,
              "code": "cy.visit(\"https://publish-p30618-e359402.adobeaemcloud.com/components/layout/accordion.html\");\ncy.get(\"#accordion-8ba2d79570-item-8c703d28c2\").click().compareSnapshot(\"name2\");",
              "err": {
                "message": "CypressError: `cy.task('allureReportTest')` failed with the following error:\n\n> ENOENT: no such file or directory, open 'C:\\Aaron\\Projects\\Cy_Type\\cypress\\screenshots\\3-visit.cy.ts\\3-visit.cy.ts-name2.png'\n\nhttps://on.cypress.io/api/task\n\nBecause this error occurred during a `after each` hook we are skipping all of the remaining tests.",
                "estack": "CypressError: `cy.task('allureReportTest')` failed with the following error:\n\n> ENOENT: no such file or directory, open 'C:\\Aaron\\Projects\\Cy_Type\\cypress\\screenshots\\3-visit.cy.ts\\3-visit.cy.ts-name2.png'\n\nhttps://on.cypress.io/api/task\n\nBecause this error occurred during a `after each` hook we are skipping all of the remaining tests.\n    at <unknown> (https://publish-p30618-e359402.adobeaemcloud.com/__cypress/runner/cypress_runner.js:135279:70)\n    at tryCatcher (https://publish-p30618-e359402.adobeaemcloud.com/__cypress/runner/cypress_runner.js:1807:23)\n    at Promise._settlePromiseFromHandler (https://publish-p30618-e359402.adobeaemcloud.com/__cypress/runner/cypress_runner.js:1519:31)\n    at Promise._settlePromise (https://publish-p30618-e359402.adobeaemcloud.com/__cypress/runner/cypress_runner.js:1576:18)\n    at Promise._settlePromise0 (https://publish-p30618-e359402.adobeaemcloud.com/__cypress/runner/cypress_runner.js:1621:10)\n    at Promise._settlePromises (https://publish-p30618-e359402.adobeaemcloud.com/__cypress/runner/cypress_runner.js:1697:18)\n    at _drainQueueStep (https://publish-p30618-e359402.adobeaemcloud.com/__cypress/runner/cypress_runner.js:2407:12)\n    at _drainQueue (https://publish-p30618-e359402.adobeaemcloud.com/__cypress/runner/cypress_runner.js:2400:9)\n    at Async._drainQueues (https://publish-p30618-e359402.adobeaemcloud.com/__cypress/runner/cypress_runner.js:2416:5)\n    at Async.drainQueues (https://publish-p30618-e359402.adobeaemcloud.com/__cypress/runner/cypress_runner.js:2286:14)\nFrom Your Spec Code:\n    at Context.eval (webpack://cy_type/./node_modules/allure-cypress/dist/commands.mjs:225:0)\n\nFrom Node.js Internals:\n  Error: ENOENT: no such file or directory, open 'C:\\Aaron\\Projects\\Cy_Type\\cypress\\screenshots\\3-visit.cy.ts\\3-visit.cy.ts-name2.png'\n      at Object.openSync (node:fs:581:18)\n      at Object.readFileSync (node:fs:457:35)\n      at <unknown> (C:\\Aaron\\Projects\\Cy_Type\\node_modules\\allure-cypress\\src\\reporter.ts:119:36)\n  at Array.forEach (<anonymous>)\n      at allureReportTest (C:\\Aaron\\Projects\\Cy_Type\\node_modules\\allure-cypress\\src\\reporter.ts:93:18)\n      at invoke (C:\\Users\\Aaron Godinho\\AppData\\Local\\Cypress\\Cache\\13.6.6\\Cypress\\resources\\app\\node_modules\\@packages\\server\\lib\\plugins\\child\\run_plugins.js:248:16)\n      at C:\\Users\\Aaron (Godinho\\AppData\\Local\\Cypress\\Cache\\13.6.6\\Cypress\\resources\\app\\node_modules\\@packages\\server\\lib\\plugins\\util.js:59:14)\n      at tryCatcher (C:\\Users\\Aaron Godinho\\AppData\\Local\\Cypress\\Cache\\13.6.6\\Cypress\\resources\\app\\node_modules\\bluebird\\js\\release\\util.js:16:23)\n      at Function.Promise.attempt.Promise.try (C:\\Users\\Aaron Godinho\\AppData\\Local\\Cypress\\Cache\\13.6.6\\Cypress\\resources\\app\\node_modules\\bluebird\\js\\release\\method.js:39:29)\n      at Object.wrapChildPromise (C:\\Users\\Aaron Godinho\\AppData\\Local\\Cypress\\Cache\\13.6.6\\Cypress\\resources\\app\\node_modules\\@packages\\server\\lib\\plugins\\util.js:58:23)\n      at RunPlugins.taskExecute (C:\\Users\\Aaron Godinho\\AppData\\Local\\Cypress\\Cache\\13.6.6\\Cypress\\resources\\app\\node_modules\\@packages\\server\\lib\\plugins\\child\\run_plugins.js:254:10)\n      at RunPlugins.execute (C:\\Users\\Aaron Godinho\\AppData\\Local\\Cypress\\Cache\\13.6.6\\Cypress\\resources\\app\\node_modules\\@packages\\server\\lib\\plugins\\child\\run_plugins.js:166:21)\n      at EventEmitter.<anonymous> (C:\\Users\\Aaron Godinho\\AppData\\Local\\Cypress\\Cache\\13.6.6\\Cypress\\resources\\app\\node_modules\\@packages\\server\\lib\\plugins\\child\\run_plugins.js:56:12)\n      at EventEmitter.emit (node:events:518:28)\n      at EventEmitter.emit (node:domain:488:12)\n      at process.<anonymous> (C:\\Users\\Aaron Godinho\\AppData\\Local\\Cypress\\Cache\\13.6.6\\Cypress\\resources\\app\\node_modules\\@packages\\server\\lib\\plugins\\util.js:33:22)\n      at process.emit (node:events:518:28)\n      at process.emit (node:domain:488:12)\n      at process.emit.sharedData.processEmitHook.installedValue [as emit] (C:\\Users\\Aaron Godinho\\AppData\\Local\\Cypress\\Cache\\13.6.6\\Cypress\\resources\\app\\node_modules\\@cspotcode\\source-map-support\\source-map-support.js:745:40)\n      at emit (node:internal/child_process:951:14)\n      at processTicksAndRejections (node:internal/process/task_queues:83:21)",
                "diff": null
              },
              "uuid": "4dc3517d-fc27-40b8-b87b-786c95d0f1bd",
              "parentUUID": "b52e1808-c2cf-47a6-a40c-c2b139a2de2a",
              "isHook": false,
              "skipped": false
            }
          ],
          "suites": [],
          "passes": [],
          "failures": [
            "4dc3517d-fc27-40b8-b87b-786c95d0f1bd"
          ],
          "pending": [],
          "skipped": [],
          "duration": 483,
          "root": false,
          "rootEmpty": false,
          "_timeout": 2000
        }
      ],
      "passes": [],
      "failures": [],
      "pending": [],
      "skipped": [],
      "duration": 0,
      "root": true,
      "rootEmpty": true,
      "_timeout": 2000
    }
  ],
  "meta": {
    "mocha": {
      "version": "7.0.1"
    },
    "mochawesome": {
      "options": {
        "quiet": false,
        "reportFilename": "mochawesome",
        "saveHtml": false,
        "saveJson": true,
        "consoleReporter": "spec",
        "useInlineDiffs": false,
        "code": true
      },
      "version": "7.1.3"
    },
    "marge": {
      "options": {
        "charts": true,
        "reportPageTitle": "custom-title",
        "embeddedScreenshots": true,
        "inlineAssets": true,
        "saveAllAttempts": false,
        "overwrite": false,
        "html": false,
        "json": true,
        "reportDir": "cypress\\reports\\html\\.jsons"
      },
      "version": "6.2.0"
    }
  }
}