{
  "stats": {
    "suites": 1,
    "tests": 1,
    "passes": 0,
    "pending": 0,
    "failures": 1,
    "start": "2024-04-29T10:26:18.090Z",
    "end": "2024-04-29T10:26:28.923Z",
    "duration": 10833,
    "testsRegistered": 1,
    "passPercent": 0,
    "pendingPercent": 0,
    "other": 0,
    "hasOther": false,
    "skipped": 0,
    "hasSkipped": false
  },
  "results": [
    {
      "uuid": "62b44d29-c3a4-4d7e-8343-7a5bf5eb4c72",
      "title": "",
      "fullFile": "cypress\\e2e\\test-new.cy.ts",
      "file": "cypress\\e2e\\test-new.cy.ts",
      "beforeHooks": [],
      "afterHooks": [],
      "tests": [],
      "suites": [
        {
          "uuid": "2d2e43c9-cb74-4135-864b-d1aa500ed64e",
          "title": "My Second Test Suite",
          "fullFile": "",
          "file": "",
          "beforeHooks": [],
          "afterHooks": [],
          "tests": [
            {
              "title": "My FirstTest case",
              "fullTitle": "My Second Test Suite My FirstTest case",
              "timedOut": null,
              "duration": 292,
              "state": "failed",
              "speed": null,
              "pass": false,
              "fail": true,
              "pending": false,
              "context": null,
              "code": "//Check boxes\ncy.visit(\"https://rahulshettyacademy.com/AutomationPractice/\");\ncy.get('#checkBoxOption1').check().should('be.checked').and('have.value', 'option1');\ncy.get('#checkBoxOption1').uncheck().should('not.be.checked');\ncy.get('input[type=\"checkbox\"]').check(['option2']).compareSnapshot(\"name\");\n// cy\n//Static Dropdown\ncy.get('select').select('option2').should('have.value', 'option2');\n//Dynamic dropdowns\ncy.get('#autocomplete').type('ind');\ncy.get('.ui-menu-item div').each(function ($e1, index, $list) {\n    if ($e1.text() === \"India\") {\n        cy.wrap($e1).click();\n    }\n});\n//autocomplete\ncy.get('#autocomplete').should('have.value', 'India');\n//visible invisible\ncy.get('#displayed-text').should('be.visible');\ncy.get('#hide-textbox').click();\ncy.get('#displayed-text').should('not.be.visible');\ncy.get('#show-textbox').click();\ncy.get('#displayed-text').should('be.visible');\n//radio buttons\ncy.get('[value=\"radio2\"]').check().should('be.checked');",
              "err": {
                "message": "CypressError: `cy.task('allureReportTest')` failed with the following error:\n\n> ENOENT: no such file or directory, open 'C:\\Aaron\\Projects\\Cy_Type\\cypress\\screenshots\\test-new.cy.ts\\test-new.cy.ts-name.png'\n\nhttps://on.cypress.io/api/task\n\nBecause this error occurred during a `after each` hook we are skipping all of the remaining tests.",
                "estack": "CypressError: `cy.task('allureReportTest')` failed with the following error:\n\n> ENOENT: no such file or directory, open 'C:\\Aaron\\Projects\\Cy_Type\\cypress\\screenshots\\test-new.cy.ts\\test-new.cy.ts-name.png'\n\nhttps://on.cypress.io/api/task\n\nBecause this error occurred during a `after each` hook we are skipping all of the remaining tests.\n    at <unknown> (https://rahulshettyacademy.com/__cypress/runner/cypress_runner.js:135279:70)\n    at tryCatcher (https://rahulshettyacademy.com/__cypress/runner/cypress_runner.js:1807:23)\n    at Promise._settlePromiseFromHandler (https://rahulshettyacademy.com/__cypress/runner/cypress_runner.js:1519:31)\n    at Promise._settlePromise (https://rahulshettyacademy.com/__cypress/runner/cypress_runner.js:1576:18)\n    at Promise._settlePromise0 (https://rahulshettyacademy.com/__cypress/runner/cypress_runner.js:1621:10)\n    at Promise._settlePromises (https://rahulshettyacademy.com/__cypress/runner/cypress_runner.js:1697:18)\n    at _drainQueueStep (https://rahulshettyacademy.com/__cypress/runner/cypress_runner.js:2407:12)\n    at _drainQueue (https://rahulshettyacademy.com/__cypress/runner/cypress_runner.js:2400:9)\n    at Async._drainQueues (https://rahulshettyacademy.com/__cypress/runner/cypress_runner.js:2416:5)\n    at Async.drainQueues (https://rahulshettyacademy.com/__cypress/runner/cypress_runner.js:2286:14)\nFrom Your Spec Code:\n    at Context.eval (webpack://cy_type/./node_modules/allure-cypress/dist/commands.mjs:225:0)\n\nFrom Node.js Internals:\n  Error: ENOENT: no such file or directory, open 'C:\\Aaron\\Projects\\Cy_Type\\cypress\\screenshots\\test-new.cy.ts\\test-new.cy.ts-name.png'\n      at Object.openSync (node:fs:581:18)\n      at Object.readFileSync (node:fs:457:35)\n      at <unknown> (C:\\Aaron\\Projects\\Cy_Type\\node_modules\\allure-cypress\\src\\reporter.ts:119:36)\n  at Array.forEach (<anonymous>)\n      at allureReportTest (C:\\Aaron\\Projects\\Cy_Type\\node_modules\\allure-cypress\\src\\reporter.ts:93:18)\n      at invoke (C:\\Users\\Aaron Godinho\\AppData\\Local\\Cypress\\Cache\\13.6.6\\Cypress\\resources\\app\\node_modules\\@packages\\server\\lib\\plugins\\child\\run_plugins.js:248:16)\n      at C:\\Users\\Aaron (Godinho\\AppData\\Local\\Cypress\\Cache\\13.6.6\\Cypress\\resources\\app\\node_modules\\@packages\\server\\lib\\plugins\\util.js:59:14)\n      at tryCatcher (C:\\Users\\Aaron Godinho\\AppData\\Local\\Cypress\\Cache\\13.6.6\\Cypress\\resources\\app\\node_modules\\bluebird\\js\\release\\util.js:16:23)\n      at Function.Promise.attempt.Promise.try (C:\\Users\\Aaron Godinho\\AppData\\Local\\Cypress\\Cache\\13.6.6\\Cypress\\resources\\app\\node_modules\\bluebird\\js\\release\\method.js:39:29)\n      at Object.wrapChildPromise (C:\\Users\\Aaron Godinho\\AppData\\Local\\Cypress\\Cache\\13.6.6\\Cypress\\resources\\app\\node_modules\\@packages\\server\\lib\\plugins\\util.js:58:23)\n      at RunPlugins.taskExecute (C:\\Users\\Aaron Godinho\\AppData\\Local\\Cypress\\Cache\\13.6.6\\Cypress\\resources\\app\\node_modules\\@packages\\server\\lib\\plugins\\child\\run_plugins.js:254:10)\n      at RunPlugins.execute (C:\\Users\\Aaron Godinho\\AppData\\Local\\Cypress\\Cache\\13.6.6\\Cypress\\resources\\app\\node_modules\\@packages\\server\\lib\\plugins\\child\\run_plugins.js:166:21)\n      at EventEmitter.<anonymous> (C:\\Users\\Aaron Godinho\\AppData\\Local\\Cypress\\Cache\\13.6.6\\Cypress\\resources\\app\\node_modules\\@packages\\server\\lib\\plugins\\child\\run_plugins.js:56:12)\n      at EventEmitter.emit (node:events:518:28)\n      at EventEmitter.emit (node:domain:488:12)\n      at process.<anonymous> (C:\\Users\\Aaron Godinho\\AppData\\Local\\Cypress\\Cache\\13.6.6\\Cypress\\resources\\app\\node_modules\\@packages\\server\\lib\\plugins\\util.js:33:22)\n      at process.emit (node:events:518:28)\n      at process.emit (node:domain:488:12)\n      at process.emit.sharedData.processEmitHook.installedValue [as emit] (C:\\Users\\Aaron Godinho\\AppData\\Local\\Cypress\\Cache\\13.6.6\\Cypress\\resources\\app\\node_modules\\@cspotcode\\source-map-support\\source-map-support.js:745:40)\n      at emit (node:internal/child_process:951:14)\n      at processTicksAndRejections (node:internal/process/task_queues:83:21)",
                "diff": null
              },
              "uuid": "a2cf3359-8d76-423f-8a02-7b016a6b31f6",
              "parentUUID": "2d2e43c9-cb74-4135-864b-d1aa500ed64e",
              "isHook": false,
              "skipped": false
            }
          ],
          "suites": [],
          "passes": [],
          "failures": [
            "a2cf3359-8d76-423f-8a02-7b016a6b31f6"
          ],
          "pending": [],
          "skipped": [],
          "duration": 292,
          "root": false,
          "rootEmpty": false,
          "_timeout": 2000
        }
      ],
      "passes": [],
      "failures": [],
      "pending": [],
      "skipped": [],
      "duration": 0,
      "root": true,
      "rootEmpty": true,
      "_timeout": 2000
    }
  ],
  "meta": {
    "mocha": {
      "version": "7.0.1"
    },
    "mochawesome": {
      "options": {
        "quiet": false,
        "reportFilename": "mochawesome",
        "saveHtml": false,
        "saveJson": true,
        "consoleReporter": "spec",
        "useInlineDiffs": false,
        "code": true
      },
      "version": "7.1.3"
    },
    "marge": {
      "options": {
        "charts": true,
        "reportPageTitle": "custom-title",
        "embeddedScreenshots": true,
        "inlineAssets": true,
        "saveAllAttempts": false,
        "overwrite": false,
        "html": false,
        "json": true,
        "reportDir": "cypress\\reports\\html\\.jsons"
      },
      "version": "6.2.0"
    }
  }
}